<?xml version="1.0" encoding="UTF-8" ?>
<testsuite tests="40" failures="0" name="com.oceanbase.odc.core.sql.split.SqlSplitterIteratorTest" time="1.844" errors="0" skipped="0">
  <properties>
[...]
</properties>
  <testcase classname="com.oceanbase.odc.core.sql.split.SqlSplitterIteratorTest" name="split_Customer_SampleProcedure1" time="1.029"/>
  <testcase classname="com.oceanbase.odc.core.sql.split.SqlSplitterIteratorTest" name="split_ChangeDelimiterFrom$ToOther" time="0.003"/>
  <testcase classname="com.oceanbase.odc.core.sql.split.SqlSplitterIteratorTest" name="split_CreatePackageAndBody" time="0.006"/>
  <testcase classname="com.oceanbase.odc.core.sql.split.SqlSplitterIteratorTest" name="split_PL_For_Loop" time="0.003"/>
  <testcase classname="com.oceanbase.odc.core.sql.split.SqlSplitterIteratorTest" name="split_CreatePackageAndBody_with_routine" time="0.008"/>
  <testcase classname="com.oceanbase.odc.core.sql.split.SqlSplitterIteratorTest" name="split_CreateTypeAndBody" time="0.003"/>
  <testcase classname="com.oceanbase.odc.core.sql.split.SqlSplitterIteratorTest" name="split_AnonymousBlockStartWithDeclare" time="0.001"/>
  <testcase classname="com.oceanbase.odc.core.sql.split.SqlSplitterIteratorTest" name="split_PL_With_LANGUAGE" time="0.002"/>
  <testcase classname="com.oceanbase.odc.core.sql.split.SqlSplitterIteratorTest" name="split_Multi_Line_Comments_Inside" time="0.002"/>
  <testcase classname="com.oceanbase.odc.core.sql.split.SqlSplitterIteratorTest" name="split_CreateProcedure" time="0.007"/>
  <testcase classname="com.oceanbase.odc.core.sql.split.SqlSplitterIteratorTest" name="split_AnonymousBlock_With_Backslash" time="0.008"/>
  <testcase classname="com.oceanbase.odc.core.sql.split.SqlSplitterIteratorTest" name="split_AnonymousBlockStartWithInnerStringBlock" time="0.014"/>
  <testcase classname="com.oceanbase.odc.core.sql.split.SqlSplitterIteratorTest" name="split_Delimiter$$_DelimiterChanged" time="0"/>
  <testcase classname="com.oceanbase.odc.core.sql.split.SqlSplitterIteratorTest" name="split_CreateFunction" time="0.012"/>
  <testcase classname="com.oceanbase.odc.core.sql.split.SqlSplitterIteratorTest" name="test_offset" time="0.003"/>
  <testcase classname="com.oceanbase.odc.core.sql.split.SqlSplitterIteratorTest" name="split_CreateTrigger" time="0.015"/>
  <testcase classname="com.oceanbase.odc.core.sql.split.SqlSplitterIteratorTest" name="split_PL_With_RIGHTBRACKET" time="0.004"/>
  <testcase classname="com.oceanbase.odc.core.sql.split.SqlSplitterIteratorTest" name="split_AnonymousBlockStartWithBegin" time="0.001"/>
  <testcase classname="com.oceanbase.odc.core.sql.split.SqlSplitterIteratorTest" name="split_Delimiter$$WithLine_DelimiterChanged" time="0.001"/>
  <testcase classname="com.oceanbase.odc.core.sql.split.SqlSplitterIteratorTest" name="split_Multi_PL_With_Double_Dollar_Delimiter" time="0.008"/>
  <testcase classname="com.oceanbase.odc.core.sql.split.SqlSplitterIteratorTest" name="split_Customer_SamplePackage1" time="0.666"/>
  <testcase classname="com.oceanbase.odc.core.sql.split.SqlSplitterIteratorTest" name="split_CommentWithSemicolonInside" time="0.001"/>
  <testcase classname="com.oceanbase.odc.core.sql.split.SqlSplitterIteratorTest" name="split_StringWithBackslashInside" time="0.002"/>
  <testcase classname="com.oceanbase.odc.core.sql.split.SqlSplitterIteratorTest" name="split_MultiSqlWithComment" time="0.001"/>
  <testcase classname="com.oceanbase.odc.core.sql.split.SqlSplitterIteratorTest" name="split_PL_With_CASE_END" time="0.002"/>
  <testcase classname="com.oceanbase.odc.core.sql.split.SqlSplitterIteratorTest" name="split_Delimiter$" time="0.001"/>
  <testcase classname="com.oceanbase.odc.core.sql.split.SqlSplitterIteratorTest" name="split_DelimiterDoubleSlash_DelimiterChanged" time="0"/>
  <testcase classname="com.oceanbase.odc.core.sql.split.SqlSplitterIteratorTest" name="split_Customer_Sample1" time="0.007"/>
  <testcase classname="com.oceanbase.odc.core.sql.split.SqlSplitterIteratorTest" name="split_SingleSql" time="0.001"/>
  <testcase classname="com.oceanbase.odc.core.sql.split.SqlSplitterIteratorTest" name="split_Customer_SampleTrigger1" time="0.008"/>
  <testcase classname="com.oceanbase.odc.core.sql.split.SqlSplitterIteratorTest" name="split_PL_With_ELSE_IF" time="0.006"/>
  <testcase classname="com.oceanbase.odc.core.sql.split.SqlSplitterIteratorTest" name="split_Multi_PL_With_Backslash_Delimiter" time="0.004"/>
  <testcase classname="com.oceanbase.odc.core.sql.split.SqlSplitterIteratorTest" name="split_Large_PL_With_CaseWhen_InSqlStmt" time="0.002"/>
  <testcase classname="com.oceanbase.odc.core.sql.split.SqlSplitterIteratorTest" name="split_PL_With_LABELRIGHT" time="0.002"/>
  <testcase classname="com.oceanbase.odc.core.sql.split.SqlSplitterIteratorTest" name="split_Multi_Loop_Block" time="0.005"/>
  <testcase classname="com.oceanbase.odc.core.sql.split.SqlSplitterIteratorTest" name="split_SelfDelimiter" time="0.001"/>
  <testcase classname="com.oceanbase.odc.core.sql.split.SqlSplitterIteratorTest" name="split_PL_While_Loop" time="0.002"/>
  <testcase classname="com.oceanbase.odc.core.sql.split.SqlSplitterIteratorTest" name="split_Blank_Empty" time="0"/>
  <testcase classname="com.oceanbase.odc.core.sql.split.SqlSplitterIteratorTest" name="split_Multi_PL_Object_With_Language" time="0.003"/>
  <testcase classname="com.oceanbase.odc.core.sql.split.SqlSplitterIteratorTest" name="split_Delimiter$$WithWhiteSpace_DelimiterChanged" time="0"/>
</testsuite>