<?xml version="1.0" encoding="UTF-8" ?>
<testsuite tests="5" failures="1" name="com.oceanbase.odc.core.sql.split.Db2SqlSplitterTest" time="1.476" errors="0" skipped="0">
  <properties>
[...]
</properties>
  <testcase classname="com.oceanbase.odc.core.sql.split.Db2SqlSplitterTest" name="split_DebugAlternateOperators" time="0.505"/>
  <testcase classname="com.oceanbase.odc.core.sql.split.Db2SqlSplitterTest" name="split_DebugSingleCase" time="0.142"/>
  <testcase classname="com.oceanbase.odc.core.sql.split.Db2SqlSplitterTest" name="split_DebugInlineSqlScalar" time="0.423"/>
  <testcase classname="com.oceanbase.odc.core.sql.split.Db2SqlSplitterTest" name="split_AllDb2YamlCases" time="0.406">
    <failure message="arrays first differed at element [4]; expected:&lt;[]SELECT C1
FROM T1
WH...&gt; but was:&lt;[!

]SELECT C1
FROM T1
WH...&gt;" type="arrays first differed at element [4]; expected">arrays first differed at element [4]; expected:&lt;[]SELECT C1
FROM T1
WH...&gt; but was:&lt;[!

]SELECT C1
FROM T1
WH...&gt;
	at org.junit.internal.ComparisonCriteria.arrayEquals(ComparisonCriteria.java:78)
	at org.junit.internal.ComparisonCriteria.arrayEquals(ComparisonCriteria.java:28)
	at org.junit.Assert.internalArrayEquals(Assert.java:534)
	at org.junit.Assert.assertArrayEquals(Assert.java:285)
	at org.junit.Assert.assertArrayEquals(Assert.java:300)
	at com.oceanbase.odc.core.sql.split.Db2SqlSplitterTest.verifyByFileName(Db2SqlSplitterTest.java:91)
	at com.oceanbase.odc.core.sql.split.Db2SqlSplitterTest.split_AllDb2YamlCases(Db2SqlSplitterTest.java:55)
	at java.base/jdk.internal.reflect.NativeMethodAccessorImpl.invoke0(Native Method)
	at java.base/jdk.internal.reflect.NativeMethodAccessorImpl.invoke(NativeMethodAccessorImpl.java:77)
	at java.base/jdk.internal.reflect.DelegatingMethodAccessorImpl.invoke(DelegatingMethodAccessorImpl.java:43)
	at java.base/java.lang.reflect.Method.invoke(Method.java:568)
	at org.junit.runners.model.FrameworkMethod$1.runReflectiveCall(FrameworkMethod.java:59)
	at org.junit.internal.runners.model.ReflectiveCallable.run(ReflectiveCallable.java:12)
	at org.junit.runners.model.FrameworkMethod.invokeExplosively(FrameworkMethod.java:56)
	at org.junit.internal.runners.statements.InvokeMethod.evaluate(InvokeMethod.java:17)
	at org.junit.runners.ParentRunner$3.evaluate(ParentRunner.java:306)
	at org.junit.runners.BlockJUnit4ClassRunner$1.evaluate(BlockJUnit4ClassRunner.java:100)
	at org.junit.runners.ParentRunner.runLeaf(ParentRunner.java:366)
	at org.junit.runners.BlockJUnit4ClassRunner.runChild(BlockJUnit4ClassRunner.java:103)
	at org.junit.runners.BlockJUnit4ClassRunner.runChild(BlockJUnit4ClassRunner.java:63)
	at org.junit.runners.ParentRunner$4.run(ParentRunner.java:331)
	at org.junit.runners.ParentRunner$1.schedule(ParentRunner.java:79)
	at org.junit.runners.ParentRunner.runChildren(ParentRunner.java:329)
	at org.junit.runners.ParentRunner.access$100(ParentRunner.java:66)
	at org.junit.runners.ParentRunner$2.evaluate(ParentRunner.java:293)
	at org.junit.runners.ParentRunner$3.evaluate(ParentRunner.java:306)
	at org.junit.runners.ParentRunner.run(ParentRunner.java:413)
	at org.apache.maven.surefire.junit4.JUnit4Provider.execute(JUnit4Provider.java:252)
	at org.apache.maven.surefire.junit4.JUnit4Provider.executeTestSet(JUnit4Provider.java:141)
	at org.apache.maven.surefire.junit4.JUnit4Provider.invoke(JUnit4Provider.java:112)
	at java.base/jdk.internal.reflect.NativeMethodAccessorImpl.invoke0(Native Method)
	at java.base/jdk.internal.reflect.NativeMethodAccessorImpl.invoke(NativeMethodAccessorImpl.java:77)
	at java.base/jdk.internal.reflect.DelegatingMethodAccessorImpl.invoke(DelegatingMethodAccessorImpl.java:43)
	at java.base/java.lang.reflect.Method.invoke(Method.java:568)
	at org.apache.maven.surefire.util.ReflectionUtils.invokeMethodWithArray(ReflectionUtils.java:189)
	at org.apache.maven.surefire.booter.ProviderFactory$ProviderProxy.invoke(ProviderFactory.java:165)
	at org.apache.maven.surefire.booter.ProviderFactory.invokeProvider(ProviderFactory.java:85)
	at org.apache.maven.surefire.booter.ForkedBooter.runSuitesInProcess(ForkedBooter.java:115)
	at org.apache.maven.surefire.booter.ForkedBooter.main(ForkedBooter.java:75)
Caused by: org.junit.ComparisonFailure: expected:&lt;[]SELECT C1
FROM T1
WH...&gt; but was:&lt;[!

]SELECT C1
FROM T1
WH...&gt;
	at org.junit.Assert.assertEquals(Assert.java:117)
	at org.junit.Assert.assertEquals(Assert.java:146)
	at org.junit.internal.ExactComparisonCriteria.assertElementsEqual(ExactComparisonCriteria.java:8)
	at org.junit.internal.ComparisonCriteria.arrayEquals(ComparisonCriteria.java:76)
	... 38 more
</failure>
    <system-err>DB2 case failed: src/test/resources/sql/split/sql-splitter-35-db2-alternateOperators.yml
</system-err>
  </testcase>
  <testcase classname="com.oceanbase.odc.core.sql.split.Db2SqlSplitterTest" name="split_Blank_Empty" time="0"/>
</testsuite>