<?xml version="1.0" encoding="UTF-8" ?>
<testsuite tests="6" failures="0" name="com.oceanbase.odc.core.sql.split.SqlCommentProcessorTest" time="0.232" errors="0" skipped="0">
  <properties>
[...]
</properties>
  <testcase classname="com.oceanbase.odc.core.sql.split.SqlCommentProcessorTest" name="testOffsetString_Mysql" time="0.197"/>
  <testcase classname="com.oceanbase.odc.core.sql.split.SqlCommentProcessorTest" name="testIterator_OracleMode" time="0.008"/>
  <testcase classname="com.oceanbase.odc.core.sql.split.SqlCommentProcessorTest" name="split_splitBySlashAndContainsMultiHint_splitSucceed" time="0.001"/>
  <testcase classname="com.oceanbase.odc.core.sql.split.SqlCommentProcessorTest" name="split_splitBySlashAndContainsMultiComment_splitSucceed" time="0.001"/>
  <testcase classname="com.oceanbase.odc.core.sql.split.SqlCommentProcessorTest" name="testIterator_MysqlMode" time="0.021"/>
  <testcase classname="com.oceanbase.odc.core.sql.split.SqlCommentProcessorTest" name="testOffsetString_Oracle" time="0.004"/>
</testsuite>